live_player/build/intermediates/manifest_merge_blame_file/debug/manifest-merger-blame-debug-report.txt
1<?xml version="1.0" encoding="utf-8"?>
2<manifest xmlns:android="http://schemas.android.com/apk/res/android"
3    package="com.tencent.liteav.demo.player"
4    android:versionCode="100"
5    android:versionName="1.0.0" >
6
7    <uses-sdk
8        android:minSdkVersion="19"
8-->src/main/AndroidManifest.xml
9        android:targetSdkVersion="29" />
9-->src/main/AndroidManifest.xml
10
11    <application android:theme="@style/AppTheme" >
11-->src/main/AndroidManifest.xml:4:5-28:19
11-->src/main/AndroidManifest.xml:4:18-49
12        <activity
12-->src/main/AndroidManifest.xml:5:9-18:20
13            android:name="com.tencent.liteav.demo.player.superplayer.SuperPlayerActivity"
13-->src/main/AndroidManifest.xml:6:13-60
14            android:configChanges="orientation|keyboardHidden|screenSize"
14-->src/main/AndroidManifest.xml:7:13-74
15            android:label="@string/app_name"
15-->src/main/AndroidManifest.xml:8:13-45
16            android:launchMode="singleTask"
16-->src/main/AndroidManifest.xml:9:13-44
17            android:screenOrientation="portrait"
17-->src/main/AndroidManifest.xml:10:13-49
18            android:windowSoftInputMode="stateHidden" >
18-->src/main/AndroidManifest.xml:11:13-54
19            <intent-filter>
19-->src/main/AndroidManifest.xml:12:13-17:29
20                <action android:name="com.tencent.liteav.demo.play.action.float.click" />
20-->src/main/AndroidManifest.xml:13:17-90
20-->src/main/AndroidManifest.xml:13:25-87
21                <action android:name="android.intent.action.MAIN" />
21-->src/main/AndroidManifest.xml:14:17-69
21-->src/main/AndroidManifest.xml:14:25-66
22
23                <category android:name="android.intent.category.DEFAULT" />
23-->src/main/AndroidManifest.xml:16:17-76
23-->src/main/AndroidManifest.xml:16:27-73
24            </intent-filter>
25        </activity>
26        <activity
26-->src/main/AndroidManifest.xml:20:9-22:52
27            android:name="com.tencent.liteav.demo.player.VodPlayerActivity"
27-->src/main/AndroidManifest.xml:21:13-46
28            android:screenOrientation="portrait" />
28-->src/main/AndroidManifest.xml:22:13-49
29        <activity
29-->src/main/AndroidManifest.xml:24:9-26:48
30            android:name="com.tencent.liteav.demo.player.common.activity.QRCodeScanActivity"
30-->src/main/AndroidManifest.xml:25:9-59
31            android:screenOrientation="portrait" />
31-->src/main/AndroidManifest.xml:26:9-45
32    </application>
33
34</manifest>